<?xml version="1.0" encoding="UTF-8"?>
<!-- Generated by org.testng.reporters.JUnitReportReporter -->
<testsuite hostname="DESKTOP-K2UCR1U" failures="0" tests="3" name="RestTesting.Trello" time="11.954" errors="0" timestamp="2022-03-16T19:23:45 IST" skipped="0">
  <testcase classname="RestTesting.Trello" name="createBoard" time="6.533"/>
  <system-out/>
  <testcase classname="RestTesting.Trello" name="getBoard" time="1.298"/>
  <system-out/>
  <testcase classname="RestTesting.Trello" name="deleteBoard" time="4.123"/>
  <system-out/>
</testsuite> <!-- RestTesting.Trello -->
