<?xml version="1.0" encoding="UTF-8"?>
<!-- Generated by org.testng.reporters.JUnitReportReporter -->
<testsuite hostname="DESKTOP-K2UCR1U" failures="0" tests="2" name="RestTesting.E_Commerce" time="13.079" errors="0" timestamp="2022-03-16T19:26:07 IST" skipped="0">
  <testcase classname="RestTesting.E_Commerce" name="signup" time="8.953"/>
  <system-out/>
  <testcase classname="RestTesting.E_Commerce" name="Login" time="4.126"/>
  <system-out/>
</testsuite> <!-- RestTesting.E_Commerce -->
